[35m[1mConsolidate compiler generated dependencies of target battery_node[0m
[ 50%] Built target led_panel
[ 75%] [32mBuilding CXX object CMakeFiles/battery_node.dir/src/battery.cpp.o[0m
[01m[K/home/letizia/Documentos/ros2_ws/src/battery_manager/src/battery.cpp:[m[K In member function â€˜[01m[Kvoid BatteryNode::BatteryCharging()[m[Kâ€™:
[01m[K/home/letizia/Documentos/ros2_ws/src/battery_manager/src/battery.cpp:82:14:[m[K [01;31m[Kerror: [m[Kconflicting declaration â€˜[01m[Kauto future[m[Kâ€™
   82 |         auto [01;31m[Kfuture[m[K = client->async_send_request(request);
      |              [01;31m[K^~~~~~[m[K
[01m[K/home/letizia/Documentos/ros2_ws/src/battery_manager/src/battery.cpp:78:14:[m[K [01;36m[Knote: [m[Kprevious declaration as â€˜[01m[Krclcpp::Client<my_robot_interfaces::srv::SetLed>::FutureAndRequestId future[m[Kâ€™
   78 |         auto [01;36m[Kfuture[m[K = client->async_send_request(request);
      |              [01;36m[K^~~~~~[m[K
gmake[2]: *** [CMakeFiles/battery_node.dir/build.make:76: CMakeFiles/battery_node.dir/src/battery.cpp.o] Erro 1
gmake[1]: *** [CMakeFiles/Makefile2:165: CMakeFiles/battery_node.dir/all] Erro 2
gmake: *** [Makefile:146: all] Erro 2
